[Fri, 02 Nov 2012 06:31:40 GMT] INFO Server starting with config: {
  "environment": "development",
  "workers": 1,
  "port": 4000,
  "debug": true,
  "rotateWorkers": false,
  "rotationWindow": 7200000,
  "rotationTimeout": 300000,
  "logDir": "/Users/somniac/Projects/convictions-geddy/log",
  "gracefulShutdownTimeout": 30000,
  "heartbeatInterval": 5000,
  "heartbeatWindow": 20000,
  "staticFilePath": "/Users/somniac/Projects/convictions-geddy/public",
  "sessions": {
    "store": "memory",
    "key": "sid",
    "expiry": 1209600
  },
  "cookieSessionKey": "sdata",
  "metrics": null,
  "i18n": {
    "defaultLocale": "en-us",
    "loadPaths": [
      "/Users/somniac/Projects/convictions-geddy/config/locales"
    ]
  },
  "spdy": null,
  "ssl": null,
  "hostname": null,
  "connectCompatibility": false,
  "secret": "mcpBjRIiSWoopnoqRVBxozjwLSA5XiQA8oPASrbvTKNBBtOS7oGQNT2bUPafnqucOGVc2Fk7rYCpISLSNnuDHPpq7FhqGaSnRzkfvoKqM7g6ET1GR94pj7ihPtVhgMjh",
  "detailedErrors": true,
  "model": {
    "defaultAdapter": "memory"
  }
}
[Fri, 02 Nov 2012 06:31:40 GMT] INFO Creating 1 worker process.
[Fri, 02 Nov 2012 06:31:41 GMT] INFO Server worker running in development on port 4000 with a PID of: 46718
[Fri, 02 Nov 2012 06:31:41 GMT] DEBUG LOGGING STARTED ============================================
[Fri, 02 Nov 2012 06:31:41 GMT] DEBUG ============================================================
